cuda memory allocated: 14554624
> n_trainable_params: 2525703, n_nontrainable_params: 1112100
> training arguments:
>>> model_name: atae_lstm
>>> dataset: dutch
>>> optimizer: <class 'torch.optim.adam.Adam'>
>>> initializer: <function xavier_uniform_ at 0x7fba4a990830>
>>> lr: 2e-05
>>> dropout: 0.1
>>> l2reg: 0.01
>>> num_epoch: 50
>>> batch_size: 16
>>> log_step: 10
>>> embed_dim: 300
>>> hidden_dim: 300
>>> bert_dim: 768
>>> pretrained_bert_name: GroNLP/bert-base-dutch-cased
>>> max_seq_len: 85
>>> polarities_dim: 3
>>> hops: 3
>>> patience: 5
>>> seed: 1234
>>> valset_ratio: 0
>>> model_class: <class 'models.atae_lstm.ATAE_LSTM'>
>>> dataset_file: {'train': './datasets/dutch_data_train.xlsx.seg', 'test': './datasets/dutch_data_test.xlsx.seg'}
>>> inputs_cols: ['text_indices', 'aspect_indices']
>>> device: cuda
>>>>>>>>>>>>>>>>>>>>>>>>>>>>>>>>>>>>>>>>>>>>>>>>>>>>>>>>>>>>>>>>>>>>>>>>>>>>>>>>>>>>>>>>>>>>>>>>>>>>
epoch: 0
loss: 1.1705, acc: 0.1625
loss: 1.1736, acc: 0.1562
loss: 1.1808, acc: 0.1333
loss: 1.1774, acc: 0.1359
loss: 1.1766, acc: 0.1375
loss: 1.1748, acc: 0.1385
loss: 1.1705, acc: 0.1420
loss: 1.1654, acc: 0.1523
loss: 1.1637, acc: 0.1542
loss: 1.1621, acc: 0.1537
> val_acc: 0.1603, val_recall: 0.2189, val_f1: 0.1039
>> saved: state_dict/atae_lstm_dutch_val_acc_0.1603
>>>>>>>>>>>>>>>>>>>>>>>>>>>>>>>>>>>>>>>>>>>>>>>>>>>>>>>>>>>>>>>>>>>>>>>>>>>>>>>>>>>>>>>>>>>>>>>>>>>>
epoch: 1
loss: 1.1145, acc: 0.1750
loss: 1.1199, acc: 0.1958
loss: 1.1242, acc: 0.1925
loss: 1.1229, acc: 0.2036
loss: 1.1225, acc: 0.2056
loss: 1.1268, acc: 0.2000
loss: 1.1270, acc: 0.2048
loss: 1.1258, acc: 0.2067
loss: 1.1234, acc: 0.2162
loss: 1.1183, acc: 0.2276
loss: 1.1155, acc: 0.2373
> val_acc: 0.5717, val_recall: 0.2561, val_f1: 0.2543
>> saved: state_dict/atae_lstm_dutch_val_acc_0.5717
>>>>>>>>>>>>>>>>>>>>>>>>>>>>>>>>>>>>>>>>>>>>>>>>>>>>>>>>>>>>>>>>>>>>>>>>>>>>>>>>>>>>>>>>>>>>>>>>>>>>
epoch: 2
loss: 1.0782, acc: 0.3750
loss: 1.0770, acc: 0.3875
loss: 1.0601, acc: 0.4271
loss: 1.0497, acc: 0.4578
loss: 1.0510, acc: 0.4637
loss: 1.0346, acc: 0.4823
loss: 1.0298, acc: 0.4902
loss: 1.0197, acc: 0.5039
loss: 1.0151, acc: 0.5111
loss: 1.0267, acc: 0.5044
> val_acc: 0.7780, val_recall: 0.3105, val_f1: 0.3019
>> saved: state_dict/atae_lstm_dutch_val_acc_0.778
>>>>>>>>>>>>>>>>>>>>>>>>>>>>>>>>>>>>>>>>>>>>>>>>>>>>>>>>>>>>>>>>>>>>>>>>>>>>>>>>>>>>>>>>>>>>>>>>>>>>
epoch: 3
loss: 1.0639, acc: 0.5375
loss: 0.9836, acc: 0.5792
loss: 0.9763, acc: 0.5725
loss: 0.9902, acc: 0.5607
loss: 1.0016, acc: 0.5444
loss: 0.9966, acc: 0.5477
loss: 0.9884, acc: 0.5548
loss: 0.9906, acc: 0.5575
loss: 0.9898, acc: 0.5588
loss: 0.9891, acc: 0.5572
loss: 0.9876, acc: 0.5629
> val_acc: 0.7971, val_recall: 0.3177, val_f1: 0.3073
>> saved: state_dict/atae_lstm_dutch_val_acc_0.7971
>>>>>>>>>>>>>>>>>>>>>>>>>>>>>>>>>>>>>>>>>>>>>>>>>>>>>>>>>>>>>>>>>>>>>>>>>>>>>>>>>>>>>>>>>>>>>>>>>>>>
epoch: 4
loss: 0.9634, acc: 0.6062
loss: 0.9482, acc: 0.6062
loss: 0.9672, acc: 0.5896
loss: 0.9770, acc: 0.5813
loss: 0.9730, acc: 0.5850
loss: 0.9787, acc: 0.5792
loss: 0.9822, acc: 0.5759
loss: 0.9805, acc: 0.5805
loss: 0.9760, acc: 0.5840
loss: 0.9804, acc: 0.5794
> val_acc: 0.8139, val_recall: 0.3241, val_f1: 0.3122
>> saved: state_dict/atae_lstm_dutch_val_acc_0.8139
>>>>>>>>>>>>>>>>>>>>>>>>>>>>>>>>>>>>>>>>>>>>>>>>>>>>>>>>>>>>>>>>>>>>>>>>>>>>>>>>>>>>>>>>>>>>>>>>>>>>
epoch: 5
loss: 0.9954, acc: 0.5875
loss: 1.0059, acc: 0.5625
loss: 0.9943, acc: 0.5700
loss: 0.9868, acc: 0.5750
loss: 0.9847, acc: 0.5847
loss: 0.9889, acc: 0.5795
loss: 0.9833, acc: 0.5837
loss: 0.9778, acc: 0.5892
loss: 0.9752, acc: 0.5926
loss: 0.9736, acc: 0.5974
loss: 0.9717, acc: 0.5969
> val_acc: 0.8262, val_recall: 0.3288, val_f1: 0.3161
>> saved: state_dict/atae_lstm_dutch_val_acc_0.8262
>>>>>>>>>>>>>>>>>>>>>>>>>>>>>>>>>>>>>>>>>>>>>>>>>>>>>>>>>>>>>>>>>>>>>>>>>>>>>>>>>>>>>>>>>>>>>>>>>>>>
epoch: 6
loss: 0.9611, acc: 0.6062
loss: 0.9598, acc: 0.6062
loss: 0.9923, acc: 0.5813
loss: 0.9958, acc: 0.5734
loss: 0.9825, acc: 0.5800
loss: 0.9741, acc: 0.5875
loss: 0.9641, acc: 0.5973
loss: 0.9690, acc: 0.5984
loss: 0.9691, acc: 0.5979
loss: 0.9688, acc: 0.5994
> val_acc: 0.8430, val_recall: 0.3351, val_f1: 0.3221
>> saved: state_dict/atae_lstm_dutch_val_acc_0.843
>>>>>>>>>>>>>>>>>>>>>>>>>>>>>>>>>>>>>>>>>>>>>>>>>>>>>>>>>>>>>>>>>>>>>>>>>>>>>>>>>>>>>>>>>>>>>>>>>>>>
epoch: 7
loss: 0.8741, acc: 0.6750
loss: 0.9158, acc: 0.6542
loss: 0.9449, acc: 0.6325
loss: 0.9335, acc: 0.6375
loss: 0.9334, acc: 0.6333
loss: 0.9533, acc: 0.6193
loss: 0.9553, acc: 0.6183
loss: 0.9561, acc: 0.6158
loss: 0.9619, acc: 0.6081
loss: 0.9636, acc: 0.6079
loss: 0.9633, acc: 0.6076
> val_acc: 0.8498, val_recall: 0.3377, val_f1: 0.3248
>> saved: state_dict/atae_lstm_dutch_val_acc_0.8498
>>>>>>>>>>>>>>>>>>>>>>>>>>>>>>>>>>>>>>>>>>>>>>>>>>>>>>>>>>>>>>>>>>>>>>>>>>>>>>>>>>>>>>>>>>>>>>>>>>>>
epoch: 8
loss: 0.9725, acc: 0.5875
loss: 0.9619, acc: 0.6125
loss: 0.9634, acc: 0.6167
loss: 0.9719, acc: 0.6047
loss: 0.9666, acc: 0.6075
loss: 0.9542, acc: 0.6146
loss: 0.9632, acc: 0.6080
loss: 0.9563, acc: 0.6125
loss: 0.9643, acc: 0.6076
loss: 0.9589, acc: 0.6112
> val_acc: 0.8565, val_recall: 0.3402, val_f1: 0.3277
>> saved: state_dict/atae_lstm_dutch_val_acc_0.8565
>>>>>>>>>>>>>>>>>>>>>>>>>>>>>>>>>>>>>>>>>>>>>>>>>>>>>>>>>>>>>>>>>>>>>>>>>>>>>>>>>>>>>>>>>>>>>>>>>>>>
epoch: 9
loss: 0.9412, acc: 0.6625
loss: 0.9552, acc: 0.6292
loss: 0.9458, acc: 0.6350
loss: 0.9389, acc: 0.6482
loss: 0.9535, acc: 0.6306
loss: 0.9528, acc: 0.6261
loss: 0.9581, acc: 0.6240
loss: 0.9507, acc: 0.6267
loss: 0.9501, acc: 0.6272
loss: 0.9518, acc: 0.6257
loss: 0.9554, acc: 0.6219
> val_acc: 0.8576, val_recall: 0.3407, val_f1: 0.3282
>> saved: state_dict/atae_lstm_dutch_val_acc_0.8576
>>>>>>>>>>>>>>>>>>>>>>>>>>>>>>>>>>>>>>>>>>>>>>>>>>>>>>>>>>>>>>>>>>>>>>>>>>>>>>>>>>>>>>>>>>>>>>>>>>>>
epoch: 10
loss: 1.0396, acc: 0.5312
loss: 0.9872, acc: 0.5750
loss: 0.9968, acc: 0.5667
loss: 0.9817, acc: 0.5828
loss: 0.9684, acc: 0.5988
loss: 0.9696, acc: 0.6000
loss: 0.9728, acc: 0.5973
loss: 0.9586, acc: 0.6102
loss: 0.9641, acc: 0.6076
loss: 0.9582, acc: 0.6138
> val_acc: 0.8655, val_recall: 0.3436, val_f1: 0.3320
>> saved: state_dict/atae_lstm_dutch_val_acc_0.8655
>>>>>>>>>>>>>>>>>>>>>>>>>>>>>>>>>>>>>>>>>>>>>>>>>>>>>>>>>>>>>>>>>>>>>>>>>>>>>>>>>>>>>>>>>>>>>>>>>>>>
epoch: 11
loss: 0.9482, acc: 0.6125
loss: 0.9687, acc: 0.5958
loss: 0.9555, acc: 0.6175
loss: 0.9536, acc: 0.6214
loss: 0.9418, acc: 0.6361
loss: 0.9321, acc: 0.6409
loss: 0.9386, acc: 0.6385
loss: 0.9478, acc: 0.6292
loss: 0.9430, acc: 0.6331
loss: 0.9381, acc: 0.6362
loss: 0.9481, acc: 0.6291
> val_acc: 0.8688, val_recall: 0.3449, val_f1: 0.3338
>> saved: state_dict/atae_lstm_dutch_val_acc_0.8688
>>>>>>>>>>>>>>>>>>>>>>>>>>>>>>>>>>>>>>>>>>>>>>>>>>>>>>>>>>>>>>>>>>>>>>>>>>>>>>>>>>>>>>>>>>>>>>>>>>>>
epoch: 12
loss: 0.9014, acc: 0.6625
loss: 0.9541, acc: 0.6250
loss: 0.9499, acc: 0.6229
loss: 0.9488, acc: 0.6234
loss: 0.9473, acc: 0.6250
loss: 0.9498, acc: 0.6240
loss: 0.9440, acc: 0.6277
loss: 0.9420, acc: 0.6289
loss: 0.9356, acc: 0.6347
loss: 0.9394, acc: 0.6331
> val_acc: 0.8711, val_recall: 0.3458, val_f1: 0.3351
>> saved: state_dict/atae_lstm_dutch_val_acc_0.8711
>>>>>>>>>>>>>>>>>>>>>>>>>>>>>>>>>>>>>>>>>>>>>>>>>>>>>>>>>>>>>>>>>>>>>>>>>>>>>>>>>>>>>>>>>>>>>>>>>>>>
epoch: 13
loss: 0.9988, acc: 0.5750
loss: 0.9759, acc: 0.5958
loss: 0.9750, acc: 0.5975
loss: 0.9650, acc: 0.6089
loss: 0.9700, acc: 0.6000
loss: 0.9546, acc: 0.6125
loss: 0.9538, acc: 0.6115
loss: 0.9450, acc: 0.6225
loss: 0.9481, acc: 0.6228
loss: 0.9467, acc: 0.6263
loss: 0.9394, acc: 0.6309
> val_acc: 0.8733, val_recall: 0.3466, val_f1: 0.3365
>> saved: state_dict/atae_lstm_dutch_val_acc_0.8733
>>>>>>>>>>>>>>>>>>>>>>>>>>>>>>>>>>>>>>>>>>>>>>>>>>>>>>>>>>>>>>>>>>>>>>>>>>>>>>>>>>>>>>>>>>>>>>>>>>>>
epoch: 14
loss: 0.9455, acc: 0.6188
loss: 0.9335, acc: 0.6219
loss: 0.9385, acc: 0.6250
loss: 0.9404, acc: 0.6281
loss: 0.9431, acc: 0.6212
loss: 0.9387, acc: 0.6260
loss: 0.9356, acc: 0.6268
loss: 0.9406, acc: 0.6211
loss: 0.9387, acc: 0.6264
loss: 0.9387, acc: 0.6288
> val_acc: 0.8733, val_recall: 0.3466, val_f1: 0.3365
>>>>>>>>>>>>>>>>>>>>>>>>>>>>>>>>>>>>>>>>>>>>>>>>>>>>>>>>>>>>>>>>>>>>>>>>>>>>>>>>>>>>>>>>>>>>>>>>>>>>
epoch: 15
loss: 0.8799, acc: 0.6500
loss: 0.9224, acc: 0.6333
loss: 0.9159, acc: 0.6450
loss: 0.9207, acc: 0.6482
loss: 0.9124, acc: 0.6514
loss: 0.9205, acc: 0.6432
loss: 0.9228, acc: 0.6413
loss: 0.9322, acc: 0.6325
loss: 0.9280, acc: 0.6360
loss: 0.9284, acc: 0.6342
loss: 0.9287, acc: 0.6315
> val_acc: 0.8767, val_recall: 0.3479, val_f1: 0.3386
>> saved: state_dict/atae_lstm_dutch_val_acc_0.8767
>>>>>>>>>>>>>>>>>>>>>>>>>>>>>>>>>>>>>>>>>>>>>>>>>>>>>>>>>>>>>>>>>>>>>>>>>>>>>>>>>>>>>>>>>>>>>>>>>>>>
epoch: 16
loss: 0.9279, acc: 0.6312
loss: 0.9343, acc: 0.6188
loss: 0.9282, acc: 0.6229
loss: 0.9263, acc: 0.6266
loss: 0.9331, acc: 0.6225
loss: 0.9347, acc: 0.6208
loss: 0.9316, acc: 0.6250
loss: 0.9271, acc: 0.6305
loss: 0.9283, acc: 0.6285
loss: 0.9211, acc: 0.6344
> val_acc: 0.8789, val_recall: 0.3487, val_f1: 0.3401
>> saved: state_dict/atae_lstm_dutch_val_acc_0.8789
>>>>>>>>>>>>>>>>>>>>>>>>>>>>>>>>>>>>>>>>>>>>>>>>>>>>>>>>>>>>>>>>>>>>>>>>>>>>>>>>>>>>>>>>>>>>>>>>>>>>
epoch: 17
loss: 0.9182, acc: 0.6250
loss: 0.9202, acc: 0.6292
loss: 0.9006, acc: 0.6400
loss: 0.9223, acc: 0.6250
loss: 0.9163, acc: 0.6264
loss: 0.9198, acc: 0.6239
loss: 0.9232, acc: 0.6240
loss: 0.9168, acc: 0.6292
loss: 0.9210, acc: 0.6221
loss: 0.9139, acc: 0.6296
loss: 0.9117, acc: 0.6321
> val_acc: 0.8789, val_recall: 0.3487, val_f1: 0.3405
>>>>>>>>>>>>>>>>>>>>>>>>>>>>>>>>>>>>>>>>>>>>>>>>>>>>>>>>>>>>>>>>>>>>>>>>>>>>>>>>>>>>>>>>>>>>>>>>>>>>
epoch: 18
loss: 0.8807, acc: 0.6562
loss: 0.8804, acc: 0.6531
loss: 0.8854, acc: 0.6542
loss: 0.8855, acc: 0.6484
loss: 0.8791, acc: 0.6525
loss: 0.8946, acc: 0.6375
loss: 0.8982, acc: 0.6348
loss: 0.9004, acc: 0.6359
loss: 0.9077, acc: 0.6278
loss: 0.9027, acc: 0.6319
> val_acc: 0.8778, val_recall: 0.3404, val_f1: 0.3265
>>>>>>>>>>>>>>>>>>>>>>>>>>>>>>>>>>>>>>>>>>>>>>>>>>>>>>>>>>>>>>>>>>>>>>>>>>>>>>>>>>>>>>>>>>>>>>>>>>>>
epoch: 19
loss: 0.8793, acc: 0.6375
loss: 0.8643, acc: 0.6625
loss: 0.8898, acc: 0.6475
loss: 0.8815, acc: 0.6482
loss: 0.8867, acc: 0.6458
loss: 0.8860, acc: 0.6409
loss: 0.8865, acc: 0.6365
loss: 0.8854, acc: 0.6400
loss: 0.8887, acc: 0.6375
loss: 0.8899, acc: 0.6368
loss: 0.8908, acc: 0.6339
> val_acc: 0.8733, val_recall: 0.3432, val_f1: 0.3352
>>>>>>>>>>>>>>>>>>>>>>>>>>>>>>>>>>>>>>>>>>>>>>>>>>>>>>>>>>>>>>>>>>>>>>>>>>>>>>>>>>>>>>>>>>>>>>>>>>>>
epoch: 20
loss: 0.8393, acc: 0.6625
loss: 0.9116, acc: 0.6062
loss: 0.8887, acc: 0.6271
loss: 0.8869, acc: 0.6281
loss: 0.8774, acc: 0.6375
loss: 0.8709, acc: 0.6438
loss: 0.8707, acc: 0.6473
loss: 0.8739, acc: 0.6430
loss: 0.8742, acc: 0.6424
loss: 0.8756, acc: 0.6394
> val_acc: 0.8655, val_recall: 0.3494, val_f1: 0.3476
>>>>>>>>>>>>>>>>>>>>>>>>>>>>>>>>>>>>>>>>>>>>>>>>>>>>>>>>>>>>>>>>>>>>>>>>>>>>>>>>>>>>>>>>>>>>>>>>>>>>
epoch: 21
loss: 0.8907, acc: 0.6000
loss: 0.8409, acc: 0.6750
loss: 0.8263, acc: 0.6925
loss: 0.8574, acc: 0.6589
loss: 0.8791, acc: 0.6431
loss: 0.8877, acc: 0.6273
loss: 0.8795, acc: 0.6327
loss: 0.8826, acc: 0.6317
loss: 0.8831, acc: 0.6301
loss: 0.8718, acc: 0.6388
loss: 0.8692, acc: 0.6386
> val_acc: 0.8744, val_recall: 0.3391, val_f1: 0.3262
>>>>>>>>>>>>>>>>>>>>>>>>>>>>>>>>>>>>>>>>>>>>>>>>>>>>>>>>>>>>>>>>>>>>>>>>>>>>>>>>>>>>>>>>>>>>>>>>>>>>
epoch: 22
loss: 0.8580, acc: 0.6500
loss: 0.8533, acc: 0.6500
loss: 0.8329, acc: 0.6625
loss: 0.8353, acc: 0.6578
loss: 0.8318, acc: 0.6600
loss: 0.8388, acc: 0.6573
loss: 0.8483, acc: 0.6482
loss: 0.8484, acc: 0.6477
loss: 0.8521, acc: 0.6431
loss: 0.8614, acc: 0.6338
> val_acc: 0.8576, val_recall: 0.4018, val_f1: 0.4072
>>>>>>>>>>>>>>>>>>>>>>>>>>>>>>>>>>>>>>>>>>>>>>>>>>>>>>>>>>>>>>>>>>>>>>>>>>>>>>>>>>>>>>>>>>>>>>>>>>>>
epoch: 23
loss: 0.9079, acc: 0.6000
loss: 0.8436, acc: 0.6500
loss: 0.8478, acc: 0.6450
loss: 0.8423, acc: 0.6429
loss: 0.8402, acc: 0.6486
loss: 0.8515, acc: 0.6477
loss: 0.8452, acc: 0.6481
loss: 0.8525, acc: 0.6408
loss: 0.8601, acc: 0.6368
loss: 0.8560, acc: 0.6395
loss: 0.8561, acc: 0.6404
> val_acc: 0.8666, val_recall: 0.3735, val_f1: 0.3854
>>>>>>>>>>>>>>>>>>>>>>>>>>>>>>>>>>>>>>>>>>>>>>>>>>>>>>>>>>>>>>>>>>>>>>>>>>>>>>>>>>>>>>>>>>>>>>>>>>>>
epoch: 24
loss: 0.8002, acc: 0.6687
loss: 0.8372, acc: 0.6438
loss: 0.8572, acc: 0.6292
loss: 0.8500, acc: 0.6375
loss: 0.8522, acc: 0.6388
loss: 0.8439, acc: 0.6438
loss: 0.8463, acc: 0.6411
loss: 0.8490, acc: 0.6367
loss: 0.8459, acc: 0.6375
loss: 0.8502, acc: 0.6369
> val_acc: 0.8543, val_recall: 0.3815, val_f1: 0.3833
>>>>>>>>>>>>>>>>>>>>>>>>>>>>>>>>>>>>>>>>>>>>>>>>>>>>>>>>>>>>>>>>>>>>>>>>>>>>>>>>>>>>>>>>>>>>>>>>>>>>
epoch: 25
loss: 0.8012, acc: 0.7000
loss: 0.8106, acc: 0.6542
loss: 0.8139, acc: 0.6625
loss: 0.8434, acc: 0.6375
loss: 0.8405, acc: 0.6403
loss: 0.8481, acc: 0.6341
loss: 0.8466, acc: 0.6375
loss: 0.8428, acc: 0.6383
loss: 0.8449, acc: 0.6375
loss: 0.8468, acc: 0.6368
loss: 0.8459, acc: 0.6398
> val_acc: 0.8632, val_recall: 0.3610, val_f1: 0.3669
>>>>>>>>>>>>>>>>>>>>>>>>>>>>>>>>>>>>>>>>>>>>>>>>>>>>>>>>>>>>>>>>>>>>>>>>>>>>>>>>>>>>>>>>>>>>>>>>>>>>
epoch: 26
loss: 0.7980, acc: 0.6687
loss: 0.7960, acc: 0.6656
loss: 0.7834, acc: 0.6729
loss: 0.7982, acc: 0.6625
loss: 0.8281, acc: 0.6438
loss: 0.8428, acc: 0.6302
loss: 0.8419, acc: 0.6304
loss: 0.8418, acc: 0.6305
loss: 0.8400, acc: 0.6333
loss: 0.8367, acc: 0.6375
> val_acc: 0.8722, val_recall: 0.3541, val_f1: 0.3531
>>>>>>>>>>>>>>>>>>>>>>>>>>>>>>>>>>>>>>>>>>>>>>>>>>>>>>>>>>>>>>>>>>>>>>>>>>>>>>>>>>>>>>>>>>>>>>>>>>>>
epoch: 27
loss: 0.8579, acc: 0.6500
loss: 0.8213, acc: 0.6667
loss: 0.8304, acc: 0.6625
loss: 0.8523, acc: 0.6321
loss: 0.8543, acc: 0.6236
loss: 0.8439, acc: 0.6364
loss: 0.8532, acc: 0.6279
loss: 0.8517, acc: 0.6350
loss: 0.8473, acc: 0.6390
loss: 0.8413, acc: 0.6414
loss: 0.8379, acc: 0.6416
> val_acc: 0.8778, val_recall: 0.3562, val_f1: 0.3536
>>>>>>>>>>>>>>>>>>>>>>>>>>>>>>>>>>>>>>>>>>>>>>>>>>>>>>>>>>>>>>>>>>>>>>>>>>>>>>>>>>>>>>>>>>>>>>>>>>>>
epoch: 28
loss: 0.8536, acc: 0.6312
loss: 0.8523, acc: 0.6312
loss: 0.8487, acc: 0.6354
loss: 0.8616, acc: 0.6250
loss: 0.8416, acc: 0.6425
loss: 0.8408, acc: 0.6396
loss: 0.8402, acc: 0.6384
loss: 0.8411, acc: 0.6375
loss: 0.8324, acc: 0.6444
loss: 0.8343, acc: 0.6412
> val_acc: 0.8688, val_recall: 0.3619, val_f1: 0.3676
>>>>>>>>>>>>>>>>>>>>>>>>>>>>>>>>>>>>>>>>>>>>>>>>>>>>>>>>>>>>>>>>>>>>>>>>>>>>>>>>>>>>>>>>>>>>>>>>>>>>
epoch: 29
loss: 0.7757, acc: 0.6500
loss: 0.7975, acc: 0.6417
loss: 0.8432, acc: 0.6250
loss: 0.8280, acc: 0.6393
loss: 0.8300, acc: 0.6375
loss: 0.8306, acc: 0.6386
loss: 0.8215, acc: 0.6471
loss: 0.8166, acc: 0.6533
loss: 0.8231, acc: 0.6515
loss: 0.8291, acc: 0.6480
loss: 0.8321, acc: 0.6440
> val_acc: 0.8621, val_recall: 0.3910, val_f1: 0.3995
>>>>>>>>>>>>>>>>>>>>>>>>>>>>>>>>>>>>>>>>>>>>>>>>>>>>>>>>>>>>>>>>>>>>>>>>>>>>>>>>>>>>>>>>>>>>>>>>>>>>
epoch: 30
loss: 0.8816, acc: 0.6000
loss: 0.8253, acc: 0.6594
loss: 0.8171, acc: 0.6583
loss: 0.8012, acc: 0.6703
loss: 0.8018, acc: 0.6737
loss: 0.8174, acc: 0.6625
loss: 0.8312, acc: 0.6491
loss: 0.8313, acc: 0.6438
loss: 0.8391, acc: 0.6375
loss: 0.8345, acc: 0.6431
> val_acc: 0.8576, val_recall: 0.3941, val_f1: 0.4076
>>>>>>>>>>>>>>>>>>>>>>>>>>>>>>>>>>>>>>>>>>>>>>>>>>>>>>>>>>>>>>>>>>>>>>>>>>>>>>>>>>>>>>>>>>>>>>>>>>>>
epoch: 31
loss: 0.8296, acc: 0.6250
loss: 0.8463, acc: 0.6167
loss: 0.8272, acc: 0.6475
loss: 0.8308, acc: 0.6482
loss: 0.8393, acc: 0.6375
loss: 0.8419, acc: 0.6318
loss: 0.8522, acc: 0.6221
loss: 0.8581, acc: 0.6175
loss: 0.8459, acc: 0.6272
loss: 0.8344, acc: 0.6349
loss: 0.8302, acc: 0.6380
> val_acc: 0.8789, val_recall: 0.3329, val_f1: 0.3120
>>>>>>>>>>>>>>>>>>>>>>>>>>>>>>>>>>>>>>>>>>>>>>>>>>>>>>>>>>>>>>>>>>>>>>>>>>>>>>>>>>>>>>>>>>>>>>>>>>>>
epoch: 32
loss: 0.8420, acc: 0.6250
loss: 0.8714, acc: 0.6031
loss: 0.8485, acc: 0.6292
loss: 0.8293, acc: 0.6375
loss: 0.8382, acc: 0.6275
loss: 0.8410, acc: 0.6281
loss: 0.8287, acc: 0.6384
loss: 0.8241, acc: 0.6391
loss: 0.8231, acc: 0.6424
loss: 0.8283, acc: 0.6394
> val_acc: 0.8722, val_recall: 0.3507, val_f1: 0.3494
>>>>>>>>>>>>>>>>>>>>>>>>>>>>>>>>>>>>>>>>>>>>>>>>>>>>>>>>>>>>>>>>>>>>>>>>>>>>>>>>>>>>>>>>>>>>>>>>>>>>
epoch: 33
loss: 0.8404, acc: 0.6500
loss: 0.8306, acc: 0.6500
loss: 0.8464, acc: 0.6325
loss: 0.8314, acc: 0.6411
loss: 0.8245, acc: 0.6458
loss: 0.8156, acc: 0.6511
loss: 0.8090, acc: 0.6567
loss: 0.8221, acc: 0.6450
loss: 0.8287, acc: 0.6449
loss: 0.8285, acc: 0.6461
loss: 0.8266, acc: 0.6446
> val_acc: 0.8531, val_recall: 0.4125, val_f1: 0.4225
>>>>>>>>>>>>>>>>>>>>>>>>>>>>>>>>>>>>>>>>>>>>>>>>>>>>>>>>>>>>>>>>>>>>>>>>>>>>>>>>>>>>>>>>>>>>>>>>>>>>
epoch: 34
loss: 0.7434, acc: 0.7250
loss: 0.8015, acc: 0.6906
loss: 0.8141, acc: 0.6583
loss: 0.8248, acc: 0.6500
loss: 0.8270, acc: 0.6450
loss: 0.8254, acc: 0.6448
loss: 0.8196, acc: 0.6482
loss: 0.8097, acc: 0.6555
loss: 0.8150, acc: 0.6465
loss: 0.8202, acc: 0.6412
> val_acc: 0.8576, val_recall: 0.4097, val_f1: 0.4191
>>>>>>>>>>>>>>>>>>>>>>>>>>>>>>>>>>>>>>>>>>>>>>>>>>>>>>>>>>>>>>>>>>>>>>>>>>>>>>>>>>>>>>>>>>>>>>>>>>>>
epoch: 35
loss: 0.7482, acc: 0.7125
loss: 0.8011, acc: 0.6792
loss: 0.7999, acc: 0.6800
loss: 0.8366, acc: 0.6500
loss: 0.8364, acc: 0.6472
loss: 0.8394, acc: 0.6466
loss: 0.8397, acc: 0.6356
loss: 0.8285, acc: 0.6433
loss: 0.8241, acc: 0.6456
loss: 0.8257, acc: 0.6434
loss: 0.8264, acc: 0.6416
> val_acc: 0.8621, val_recall: 0.3685, val_f1: 0.3793
>>>>>>>>>>>>>>>>>>>>>>>>>>>>>>>>>>>>>>>>>>>>>>>>>>>>>>>>>>>>>>>>>>>>>>>>>>>>>>>>>>>>>>>>>>>>>>>>>>>>
epoch: 36
loss: 0.7643, acc: 0.6813
loss: 0.8029, acc: 0.6656
loss: 0.8224, acc: 0.6417
loss: 0.8202, acc: 0.6406
loss: 0.8117, acc: 0.6488
loss: 0.8046, acc: 0.6573
loss: 0.8149, acc: 0.6500
loss: 0.8234, acc: 0.6422
loss: 0.8174, acc: 0.6472
loss: 0.8246, acc: 0.6425
> val_acc: 0.8587, val_recall: 0.3909, val_f1: 0.4069
>>>>>>>>>>>>>>>>>>>>>>>>>>>>>>>>>>>>>>>>>>>>>>>>>>>>>>>>>>>>>>>>>>>>>>>>>>>>>>>>>>>>>>>>>>>>>>>>>>>>
epoch: 37
loss: 0.7841, acc: 0.6625
loss: 0.7916, acc: 0.6667
loss: 0.8037, acc: 0.6500
loss: 0.7844, acc: 0.6625
loss: 0.7897, acc: 0.6597
loss: 0.7755, acc: 0.6682
loss: 0.7835, acc: 0.6635
loss: 0.8008, acc: 0.6550
loss: 0.8136, acc: 0.6500
loss: 0.8202, acc: 0.6461
loss: 0.8231, acc: 0.6404
> val_acc: 0.8531, val_recall: 0.4535, val_f1: 0.4700
>>>>>>>>>>>>>>>>>>>>>>>>>>>>>>>>>>>>>>>>>>>>>>>>>>>>>>>>>>>>>>>>>>>>>>>>>>>>>>>>>>>>>>>>>>>>>>>>>>>>
epoch: 38
loss: 0.8516, acc: 0.6312
loss: 0.8468, acc: 0.6375
loss: 0.8321, acc: 0.6396
loss: 0.8265, acc: 0.6438
loss: 0.8298, acc: 0.6412
loss: 0.8305, acc: 0.6323
loss: 0.8195, acc: 0.6446
loss: 0.8164, acc: 0.6445
loss: 0.8180, acc: 0.6451
loss: 0.8236, acc: 0.6456
> val_acc: 0.8733, val_recall: 0.3512, val_f1: 0.3497
>>>>>>>>>>>>>>>>>>>>>>>>>>>>>>>>>>>>>>>>>>>>>>>>>>>>>>>>>>>>>>>>>>>>>>>>>>>>>>>>>>>>>>>>>>>>>>>>>>>>
epoch: 39
loss: 0.7948, acc: 0.6750
loss: 0.7949, acc: 0.6750
loss: 0.8027, acc: 0.6650
loss: 0.8166, acc: 0.6518
loss: 0.8081, acc: 0.6500
loss: 0.8049, acc: 0.6523
loss: 0.8165, acc: 0.6423
loss: 0.8169, acc: 0.6458
loss: 0.8173, acc: 0.6478
loss: 0.8172, acc: 0.6428
loss: 0.8228, acc: 0.6446
> val_acc: 0.8576, val_recall: 0.4097, val_f1: 0.4180
>>>>>>>>>>>>>>>>>>>>>>>>>>>>>>>>>>>>>>>>>>>>>>>>>>>>>>>>>>>>>>>>>>>>>>>>>>>>>>>>>>>>>>>>>>>>>>>>>>>>
epoch: 40
loss: 0.8563, acc: 0.6062
loss: 0.8863, acc: 0.6125
loss: 0.8791, acc: 0.6167
loss: 0.8577, acc: 0.6312
loss: 0.8514, acc: 0.6312
loss: 0.8425, acc: 0.6302
loss: 0.8294, acc: 0.6357
loss: 0.8267, acc: 0.6336
loss: 0.8162, acc: 0.6444
loss: 0.8192, acc: 0.6444
> val_acc: 0.8655, val_recall: 0.3685, val_f1: 0.3770
>>>>>>>>>>>>>>>>>>>>>>>>>>>>>>>>>>>>>>>>>>>>>>>>>>>>>>>>>>>>>>>>>>>>>>>>>>>>>>>>>>>>>>>>>>>>>>>>>>>>
epoch: 41
loss: 0.7126, acc: 0.7125
loss: 0.8258, acc: 0.6500
loss: 0.8130, acc: 0.6525
loss: 0.8196, acc: 0.6393
loss: 0.8147, acc: 0.6500
loss: 0.8235, acc: 0.6455
loss: 0.8179, acc: 0.6462
loss: 0.8119, acc: 0.6508
loss: 0.8213, acc: 0.6493
loss: 0.8198, acc: 0.6441
loss: 0.8214, acc: 0.6440
> val_acc: 0.8733, val_recall: 0.3670, val_f1: 0.3735
>>>>>>>>>>>>>>>>>>>>>>>>>>>>>>>>>>>>>>>>>>>>>>>>>>>>>>>>>>>>>>>>>>>>>>>>>>>>>>>>>>>>>>>>>>>>>>>>>>>>
epoch: 42
loss: 0.7792, acc: 0.6562
loss: 0.8313, acc: 0.6312
loss: 0.8203, acc: 0.6375
loss: 0.8140, acc: 0.6438
loss: 0.8063, acc: 0.6400
loss: 0.8103, acc: 0.6458
loss: 0.8178, acc: 0.6429
loss: 0.8168, acc: 0.6445
loss: 0.8170, acc: 0.6431
loss: 0.8246, acc: 0.6412
> val_acc: 0.8610, val_recall: 0.3680, val_f1: 0.3776
>>>>>>>>>>>>>>>>>>>>>>>>>>>>>>>>>>>>>>>>>>>>>>>>>>>>>>>>>>>>>>>>>>>>>>>>>>>>>>>>>>>>>>>>>>>>>>>>>>>>
epoch: 43
loss: 0.7917, acc: 0.6875
loss: 0.8030, acc: 0.6667
loss: 0.8138, acc: 0.6650
loss: 0.7996, acc: 0.6714
loss: 0.8138, acc: 0.6639
loss: 0.8172, acc: 0.6625
loss: 0.8138, acc: 0.6644
loss: 0.8163, acc: 0.6567
loss: 0.8182, acc: 0.6493
loss: 0.8229, acc: 0.6421
loss: 0.8215, acc: 0.6440
> val_acc: 0.8419, val_recall: 0.4629, val_f1: 0.4726
>>>>>>>>>>>>>>>>>>>>>>>>>>>>>>>>>>>>>>>>>>>>>>>>>>>>>>>>>>>>>>>>>>>>>>>>>>>>>>>>>>>>>>>>>>>>>>>>>>>>
epoch: 44
loss: 0.7790, acc: 0.6438
loss: 0.8208, acc: 0.6469
loss: 0.8197, acc: 0.6354
loss: 0.8221, acc: 0.6375
loss: 0.8199, acc: 0.6425
loss: 0.8217, acc: 0.6417
loss: 0.8154, acc: 0.6491
loss: 0.8215, acc: 0.6430
loss: 0.8246, acc: 0.6396
loss: 0.8218, acc: 0.6388
> val_acc: 0.8576, val_recall: 0.3713, val_f1: 0.3839
>>>>>>>>>>>>>>>>>>>>>>>>>>>>>>>>>>>>>>>>>>>>>>>>>>>>>>>>>>>>>>>>>>>>>>>>>>>>>>>>>>>>>>>>>>>>>>>>>>>>
epoch: 45
loss: 0.7365, acc: 0.7375
loss: 0.8293, acc: 0.6333
loss: 0.8121, acc: 0.6425
loss: 0.8318, acc: 0.6304
loss: 0.8244, acc: 0.6306
loss: 0.8195, acc: 0.6307
loss: 0.8171, acc: 0.6346
loss: 0.8283, acc: 0.6350
loss: 0.8175, acc: 0.6397
loss: 0.8149, acc: 0.6434
loss: 0.8217, acc: 0.6369
> val_acc: 0.8711, val_recall: 0.3345, val_f1: 0.3195
>>>>>>>>>>>>>>>>>>>>>>>>>>>>>>>>>>>>>>>>>>>>>>>>>>>>>>>>>>>>>>>>>>>>>>>>>>>>>>>>>>>>>>>>>>>>>>>>>>>>
epoch: 46
loss: 0.8396, acc: 0.6250
loss: 0.8304, acc: 0.6375
loss: 0.8126, acc: 0.6583
loss: 0.8188, acc: 0.6516
loss: 0.8381, acc: 0.6288
loss: 0.8373, acc: 0.6312
loss: 0.8266, acc: 0.6420
loss: 0.8321, acc: 0.6391
loss: 0.8245, acc: 0.6417
loss: 0.8252, acc: 0.6412
> val_acc: 0.8610, val_recall: 0.3669, val_f1: 0.3755
>>>>>>>>>>>>>>>>>>>>>>>>>>>>>>>>>>>>>>>>>>>>>>>>>>>>>>>>>>>>>>>>>>>>>>>>>>>>>>>>>>>>>>>>>>>>>>>>>>>>
epoch: 47
loss: 0.8040, acc: 0.6625
loss: 0.7973, acc: 0.6792
loss: 0.8209, acc: 0.6425
loss: 0.8062, acc: 0.6536
loss: 0.8054, acc: 0.6583
loss: 0.8037, acc: 0.6614
loss: 0.8071, acc: 0.6558
loss: 0.8117, acc: 0.6508
loss: 0.8249, acc: 0.6397
loss: 0.8204, acc: 0.6395
loss: 0.8211, acc: 0.6374
> val_acc: 0.8554, val_recall: 0.4486, val_f1: 0.4655
>>>>>>>>>>>>>>>>>>>>>>>>>>>>>>>>>>>>>>>>>>>>>>>>>>>>>>>>>>>>>>>>>>>>>>>>>>>>>>>>>>>>>>>>>>>>>>>>>>>>
epoch: 48
loss: 0.7943, acc: 0.6875
loss: 0.8107, acc: 0.6594
loss: 0.8039, acc: 0.6625
loss: 0.8192, acc: 0.6469
loss: 0.8313, acc: 0.6425
loss: 0.8296, acc: 0.6385
loss: 0.8160, acc: 0.6473
loss: 0.8199, acc: 0.6422
loss: 0.8232, acc: 0.6396
loss: 0.8213, acc: 0.6400
> val_acc: 0.8554, val_recall: 0.3784, val_f1: 0.3939
>>>>>>>>>>>>>>>>>>>>>>>>>>>>>>>>>>>>>>>>>>>>>>>>>>>>>>>>>>>>>>>>>>>>>>>>>>>>>>>>>>>>>>>>>>>>>>>>>>>>
epoch: 49
loss: 0.8340, acc: 0.6750
loss: 0.8019, acc: 0.6833
loss: 0.7891, acc: 0.6725
loss: 0.7788, acc: 0.6786
loss: 0.7740, acc: 0.6806
loss: 0.7902, acc: 0.6659
loss: 0.8155, acc: 0.6519
loss: 0.8129, acc: 0.6533
loss: 0.8078, acc: 0.6596
loss: 0.8116, acc: 0.6539
loss: 0.8191, acc: 0.6464
> val_acc: 0.8576, val_recall: 0.4540, val_f1: 0.4719
>> test_acc: 0.8789, test_recall: 0.3487, test_f1: 0.3401
