cuda memory allocated: 436982272
> n_trainable_params: 109139715, n_nontrainable_params: 0
> training arguments:
>>> model_name: bert_spc
>>> dataset: dutch
>>> optimizer: <class 'torch.optim.adam.Adam'>
>>> initializer: <function xavier_uniform_ at 0x7f9118a12b00>
>>> lr: 2e-05
>>> dropout: 0.1
>>> l2reg: 0.01
>>> num_epoch: 20
>>> batch_size: 16
>>> log_step: 10
>>> embed_dim: 300
>>> hidden_dim: 300
>>> bert_dim: 768
>>> pretrained_bert_name: GroNLP/bert-base-dutch-cased
>>> max_seq_len: 85
>>> polarities_dim: 3
>>> hops: 3
>>> patience: 5
>>> seed: 1234
>>> valset_ratio: 0
>>> model_class: <class 'models.bert_spc.BERT_SPC'>
>>> dataset_file: {'train': './datasets/dutch_data_train.xlsx.seg', 'test': './datasets/dutch_data_test.xlsx.seg'}
>>> inputs_cols: ['concat_bert_indices', 'concat_segments_indices']
>>> device: cuda
>>>>>>>>>>>>>>>>>>>>>>>>>>>>>>>>>>>>>>>>>>>>>>>>>>>>>>>>>>>>>>>>>>>>>>>>>>>>>>>>>>>>>>>>>>>>>>>>>>>>
epoch: 0
loss: 1.0034, acc: 0.5625
loss: 0.8824, acc: 0.6312
loss: 0.8107, acc: 0.6583
loss: 0.7869, acc: 0.6672
loss: 0.7603, acc: 0.6775
loss: 0.7475, acc: 0.6781
loss: 0.7268, acc: 0.6839
loss: 0.7173, acc: 0.6852
loss: 0.6974, acc: 0.6937
loss: 0.6836, acc: 0.6987
> val_acc: 0.9002, val_recall: 0.5638, val_f1: 0.5714
>> saved: state_dict/bert_spc_dutch_val_acc_0.9002
>>>>>>>>>>>>>>>>>>>>>>>>>>>>>>>>>>>>>>>>>>>>>>>>>>>>>>>>>>>>>>>>>>>>>>>>>>>>>>>>>>>>>>>>>>>>>>>>>>>>
epoch: 1
loss: 0.4919, acc: 0.8250
loss: 0.4421, acc: 0.8292
loss: 0.4058, acc: 0.8350
loss: 0.4075, acc: 0.8268
loss: 0.3995, acc: 0.8375
loss: 0.4131, acc: 0.8273
loss: 0.4223, acc: 0.8308
loss: 0.4269, acc: 0.8258
loss: 0.4183, acc: 0.8272
loss: 0.4336, acc: 0.8230
loss: 0.4333, acc: 0.8247
> val_acc: 0.9047, val_recall: 0.7291, val_f1: 0.6961
>> saved: state_dict/bert_spc_dutch_val_acc_0.9047
>>>>>>>>>>>>>>>>>>>>>>>>>>>>>>>>>>>>>>>>>>>>>>>>>>>>>>>>>>>>>>>>>>>>>>>>>>>>>>>>>>>>>>>>>>>>>>>>>>>>
epoch: 2
loss: 0.2541, acc: 0.9125
loss: 0.2873, acc: 0.8969
loss: 0.2891, acc: 0.8875
loss: 0.2889, acc: 0.8891
loss: 0.3100, acc: 0.8800
loss: 0.2957, acc: 0.8875
loss: 0.3055, acc: 0.8866
loss: 0.3122, acc: 0.8844
loss: 0.3205, acc: 0.8819
loss: 0.3163, acc: 0.8831
> val_acc: 0.9047, val_recall: 0.6769, val_f1: 0.6760
>>>>>>>>>>>>>>>>>>>>>>>>>>>>>>>>>>>>>>>>>>>>>>>>>>>>>>>>>>>>>>>>>>>>>>>>>>>>>>>>>>>>>>>>>>>>>>>>>>>>
epoch: 3
loss: 0.1996, acc: 0.9125
loss: 0.1908, acc: 0.9333
loss: 0.1991, acc: 0.9275
loss: 0.1968, acc: 0.9339
loss: 0.2080, acc: 0.9278
loss: 0.2122, acc: 0.9227
loss: 0.2185, acc: 0.9202
loss: 0.2184, acc: 0.9208
loss: 0.2196, acc: 0.9206
loss: 0.2178, acc: 0.9204
loss: 0.2144, acc: 0.9201
> val_acc: 0.9002, val_recall: 0.7150, val_f1: 0.6796
>>>>>>>>>>>>>>>>>>>>>>>>>>>>>>>>>>>>>>>>>>>>>>>>>>>>>>>>>>>>>>>>>>>>>>>>>>>>>>>>>>>>>>>>>>>>>>>>>>>>
epoch: 4
loss: 0.1599, acc: 0.9625
loss: 0.1409, acc: 0.9656
loss: 0.1436, acc: 0.9604
loss: 0.1514, acc: 0.9578
loss: 0.1541, acc: 0.9563
loss: 0.1548, acc: 0.9552
loss: 0.1545, acc: 0.9536
loss: 0.1573, acc: 0.9484
loss: 0.1704, acc: 0.9410
loss: 0.1841, acc: 0.9363
> val_acc: 0.9103, val_recall: 0.6498, val_f1: 0.6687
>> saved: state_dict/bert_spc_dutch_val_acc_0.9103
>>>>>>>>>>>>>>>>>>>>>>>>>>>>>>>>>>>>>>>>>>>>>>>>>>>>>>>>>>>>>>>>>>>>>>>>>>>>>>>>>>>>>>>>>>>>>>>>>>>>
epoch: 5
loss: 0.1403, acc: 0.9625
loss: 0.0966, acc: 0.9750
loss: 0.1125, acc: 0.9600
loss: 0.0985, acc: 0.9661
loss: 0.1172, acc: 0.9583
loss: 0.1265, acc: 0.9545
loss: 0.1313, acc: 0.9538
loss: 0.1428, acc: 0.9500
loss: 0.1414, acc: 0.9507
loss: 0.1526, acc: 0.9441
loss: 0.1498, acc: 0.9451
> val_acc: 0.9170, val_recall: 0.6646, val_f1: 0.6813
>> saved: state_dict/bert_spc_dutch_val_acc_0.917
>>>>>>>>>>>>>>>>>>>>>>>>>>>>>>>>>>>>>>>>>>>>>>>>>>>>>>>>>>>>>>>>>>>>>>>>>>>>>>>>>>>>>>>>>>>>>>>>>>>>
epoch: 6
loss: 0.0735, acc: 0.9812
loss: 0.0760, acc: 0.9781
