cuda memory allocated: 7343104
> n_trainable_params: 723303, n_nontrainable_params: 1112100
> training arguments:
>>> model_name: lstm
>>> dataset: dutch
>>> optimizer: <class 'torch.optim.adam.Adam'>
>>> initializer: <function xavier_uniform_ at 0x7f02248f3830>
>>> lr: 2e-05
>>> dropout: 0.1
>>> l2reg: 0.01
>>> num_epoch: 50
>>> batch_size: 16
>>> log_step: 10
>>> embed_dim: 300
>>> hidden_dim: 300
>>> bert_dim: 768
>>> pretrained_bert_name: GroNLP/bert-base-dutch-cased
>>> max_seq_len: 85
>>> polarities_dim: 3
>>> hops: 3
>>> patience: 5
>>> seed: 1234
>>> valset_ratio: 0
>>> model_class: <class 'models.lstm.LSTM'>
>>> dataset_file: {'train': './datasets/dutch_data_train.xlsx.seg', 'test': './datasets/dutch_data_test.xlsx.seg'}
>>> inputs_cols: ['text_indices']
>>> device: cuda
>>>>>>>>>>>>>>>>>>>>>>>>>>>>>>>>>>>>>>>>>>>>>>>>>>>>>>>>>>>>>>>>>>>>>>>>>>>>>>>>>>>>>>>>>>>>>>>>>>>>
epoch: 0
cuda memory allocated: 7343104
> n_trainable_params: 723303, n_nontrainable_params: 1112100
> training arguments:
>>> model_name: lstm
>>> dataset: dutch
>>> optimizer: <class 'torch.optim.adam.Adam'>
>>> initializer: <function xavier_uniform_ at 0x7f75018c0830>
>>> lr: 2e-05
>>> dropout: 0.1
>>> l2reg: 0.01
>>> num_epoch: 50
>>> batch_size: 16
>>> log_step: 10
>>> embed_dim: 300
>>> hidden_dim: 300
>>> bert_dim: 768
>>> pretrained_bert_name: GroNLP/bert-base-dutch-cased
>>> max_seq_len: 85
>>> polarities_dim: 3
>>> hops: 3
>>> patience: 5
>>> seed: 1234
>>> valset_ratio: 0
>>> model_class: <class 'models.lstm.LSTM'>
>>> dataset_file: {'train': './datasets/dutch_data_train.xlsx.seg', 'test': './datasets/dutch_data_test.xlsx.seg'}
>>> inputs_cols: ['text_indices']
>>> device: cuda
>>>>>>>>>>>>>>>>>>>>>>>>>>>>>>>>>>>>>>>>>>>>>>>>>>>>>>>>>>>>>>>>>>>>>>>>>>>>>>>>>>>>>>>>>>>>>>>>>>>>
epoch: 0
loss: 1.1666, acc: 0.1250
loss: 1.1507, acc: 0.1531
loss: 1.1443, acc: 0.1479
loss: 1.1360, acc: 0.1469
loss: 1.1288, acc: 0.1588
loss: 1.1231, acc: 0.1729
loss: 1.1146, acc: 0.1964
loss: 1.1049, acc: 0.2328
loss: 1.0983, acc: 0.2653
loss: 1.0925, acc: 0.2894
> val_acc: 0.7466, val_recall: 0.3540, val_f1: 0.3184
>> saved: state_dict/lstm_dutch_val_acc_0.7466
>>>>>>>>>>>>>>>>>>>>>>>>>>>>>>>>>>>>>>>>>>>>>>>>>>>>>>>>>>>>>>>>>>>>>>>>>>>>>>>>>>>>>>>>>>>>>>>>>>>>
epoch: 1
loss: 1.0471, acc: 0.4875
loss: 1.0143, acc: 0.5417
loss: 1.0037, acc: 0.5900
loss: 1.0001, acc: 0.5929
loss: 0.9941, acc: 0.6097
loss: 0.9941, acc: 0.6102
loss: 0.9894, acc: 0.6154
loss: 0.9905, acc: 0.6083
loss: 0.9858, acc: 0.6132
loss: 0.9832, acc: 0.6151
loss: 0.9830, acc: 0.6106
> val_acc: 0.8744, val_recall: 0.3391, val_f1: 0.3250
>> saved: state_dict/lstm_dutch_val_acc_0.8744
>>>>>>>>>>>>>>>>>>>>>>>>>>>>>>>>>>>>>>>>>>>>>>>>>>>>>>>>>>>>>>>>>>>>>>>>>>>>>>>>>>>>>>>>>>>>>>>>>>>>
epoch: 2
loss: 0.8990, acc: 0.6875
loss: 0.9157, acc: 0.6687
loss: 0.9265, acc: 0.6583
loss: 0.9374, acc: 0.6438
loss: 0.9317, acc: 0.6475
loss: 0.9433, acc: 0.6344
loss: 0.9479, acc: 0.6277
loss: 0.9371, acc: 0.6391
loss: 0.9388, acc: 0.6368
loss: 0.9376, acc: 0.6375
> val_acc: 0.8778, val_recall: 0.3404, val_f1: 0.3266
>> saved: state_dict/lstm_dutch_val_acc_0.8778
>>>>>>>>>>>>>>>>>>>>>>>>>>>>>>>>>>>>>>>>>>>>>>>>>>>>>>>>>>>>>>>>>>>>>>>>>>>>>>>>>>>>>>>>>>>>>>>>>>>>
epoch: 3
loss: 0.9605, acc: 0.6250
loss: 0.9283, acc: 0.6458
loss: 0.9275, acc: 0.6450
loss: 0.9222, acc: 0.6500
loss: 0.9254, acc: 0.6472
loss: 0.9297, acc: 0.6398
loss: 0.9347, acc: 0.6308
loss: 0.9359, acc: 0.6300
loss: 0.9275, acc: 0.6368
loss: 0.9275, acc: 0.6375
loss: 0.9264, acc: 0.6392
> val_acc: 0.8767, val_recall: 0.3321, val_f1: 0.3116
>>>>>>>>>>>>>>>>>>>>>>>>>>>>>>>>>>>>>>>>>>>>>>>>>>>>>>>>>>>>>>>>>>>>>>>>>>>>>>>>>>>>>>>>>>>>>>>>>>>>
epoch: 4
loss: 0.9562, acc: 0.6188
loss: 0.9375, acc: 0.6375
loss: 0.9122, acc: 0.6583
loss: 0.9059, acc: 0.6625
loss: 0.9115, acc: 0.6550
loss: 0.9115, acc: 0.6531
loss: 0.9095, acc: 0.6545
loss: 0.9097, acc: 0.6516
loss: 0.9157, acc: 0.6458
loss: 0.9161, acc: 0.6462
> val_acc: 0.8778, val_recall: 0.3325, val_f1: 0.3116
>>>>>>>>>>>>>>>>>>>>>>>>>>>>>>>>>>>>>>>>>>>>>>>>>>>>>>>>>>>>>>>>>>>>>>>>>>>>>>>>>>>>>>>>>>>>>>>>>>>>
epoch: 5
loss: 0.8733, acc: 0.6750
loss: 0.8862, acc: 0.6792
loss: 0.9162, acc: 0.6475
loss: 0.9214, acc: 0.6411
loss: 0.9013, acc: 0.6597
loss: 0.8977, acc: 0.6614
loss: 0.9026, acc: 0.6548
loss: 0.9088, acc: 0.6467
loss: 0.9152, acc: 0.6419
loss: 0.9176, acc: 0.6401
loss: 0.9170, acc: 0.6410
> val_acc: 0.8778, val_recall: 0.3325, val_f1: 0.3116
>>>>>>>>>>>>>>>>>>>>>>>>>>>>>>>>>>>>>>>>>>>>>>>>>>>>>>>>>>>>>>>>>>>>>>>>>>>>>>>>>>>>>>>>>>>>>>>>>>>>
epoch: 6
loss: 0.9096, acc: 0.6562
loss: 0.9383, acc: 0.6344
loss: 0.9356, acc: 0.6312
loss: 0.9232, acc: 0.6406
loss: 0.9254, acc: 0.6362
loss: 0.9134, acc: 0.6448
loss: 0.9091, acc: 0.6473
loss: 0.9229, acc: 0.6359
loss: 0.9137, acc: 0.6431
loss: 0.9165, acc: 0.6400
> val_acc: 0.8778, val_recall: 0.3325, val_f1: 0.3116
>>>>>>>>>>>>>>>>>>>>>>>>>>>>>>>>>>>>>>>>>>>>>>>>>>>>>>>>>>>>>>>>>>>>>>>>>>>>>>>>>>>>>>>>>>>>>>>>>>>>
epoch: 7
loss: 0.9204, acc: 0.6125
loss: 0.9459, acc: 0.5958
loss: 0.9643, acc: 0.5875
loss: 0.9617, acc: 0.5893
loss: 0.9383, acc: 0.6097
loss: 0.9277, acc: 0.6205
loss: 0.9220, acc: 0.6269
loss: 0.9229, acc: 0.6258
loss: 0.9163, acc: 0.6316
loss: 0.9131, acc: 0.6368
loss: 0.9107, acc: 0.6410
> val_acc: 0.8789, val_recall: 0.3329, val_f1: 0.3119
>> saved: state_dict/lstm_dutch_val_acc_0.8789
>>>>>>>>>>>>>>>>>>>>>>>>>>>>>>>>>>>>>>>>>>>>>>>>>>>>>>>>>>>>>>>>>>>>>>>>>>>>>>>>>>>>>>>>>>>>>>>>>>>>
epoch: 8
loss: 0.9647, acc: 0.5938
loss: 0.9024, acc: 0.6406
loss: 0.9239, acc: 0.6312
loss: 0.9509, acc: 0.6078
loss: 0.9340, acc: 0.6225
loss: 0.9256, acc: 0.6281
loss: 0.9175, acc: 0.6366
loss: 0.9167, acc: 0.6367
loss: 0.9168, acc: 0.6347
loss: 0.9119, acc: 0.6381
> val_acc: 0.8789, val_recall: 0.3329, val_f1: 0.3119
>>>>>>>>>>>>>>>>>>>>>>>>>>>>>>>>>>>>>>>>>>>>>>>>>>>>>>>>>>>>>>>>>>>>>>>>>>>>>>>>>>>>>>>>>>>>>>>>>>>>
epoch: 9
loss: 0.9813, acc: 0.6125
loss: 0.9559, acc: 0.6167
loss: 0.9305, acc: 0.6250
loss: 0.9138, acc: 0.6429
loss: 0.9069, acc: 0.6472
loss: 0.8990, acc: 0.6500
loss: 0.9017, acc: 0.6452
loss: 0.9023, acc: 0.6433
loss: 0.9052, acc: 0.6404
loss: 0.9011, acc: 0.6434
loss: 0.9055, acc: 0.6416
> val_acc: 0.8789, val_recall: 0.3329, val_f1: 0.3119
>>>>>>>>>>>>>>>>>>>>>>>>>>>>>>>>>>>>>>>>>>>>>>>>>>>>>>>>>>>>>>>>>>>>>>>>>>>>>>>>>>>>>>>>>>>>>>>>>>>>
epoch: 10
loss: 0.8838, acc: 0.6625
loss: 0.8975, acc: 0.6438
loss: 0.9030, acc: 0.6396
loss: 0.8957, acc: 0.6438
loss: 0.8845, acc: 0.6525
loss: 0.8894, acc: 0.6490
loss: 0.8972, acc: 0.6455
loss: 0.8999, acc: 0.6453
loss: 0.9041, acc: 0.6431
loss: 0.9062, acc: 0.6388
> val_acc: 0.8789, val_recall: 0.3329, val_f1: 0.3119
>>>>>>>>>>>>>>>>>>>>>>>>>>>>>>>>>>>>>>>>>>>>>>>>>>>>>>>>>>>>>>>>>>>>>>>>>>>>>>>>>>>>>>>>>>>>>>>>>>>>
epoch: 11
loss: 0.9370, acc: 0.6000
loss: 0.8942, acc: 0.6333
loss: 0.8940, acc: 0.6400
loss: 0.9083, acc: 0.6286
loss: 0.9104, acc: 0.6292
loss: 0.9102, acc: 0.6307
loss: 0.9060, acc: 0.6346
loss: 0.9035, acc: 0.6367
loss: 0.9043, acc: 0.6382
loss: 0.9025, acc: 0.6401
loss: 0.9010, acc: 0.6416
> val_acc: 0.8789, val_recall: 0.3329, val_f1: 0.3119
>>>>>>>>>>>>>>>>>>>>>>>>>>>>>>>>>>>>>>>>>>>>>>>>>>>>>>>>>>>>>>>>>>>>>>>>>>>>>>>>>>>>>>>>>>>>>>>>>>>>
epoch: 12
loss: 0.8812, acc: 0.6625
loss: 0.8667, acc: 0.6656
loss: 0.8860, acc: 0.6500
loss: 0.8847, acc: 0.6500
loss: 0.9043, acc: 0.6375
loss: 0.9041, acc: 0.6396
loss: 0.8997, acc: 0.6411
loss: 0.8974, acc: 0.6438
loss: 0.9000, acc: 0.6403
loss: 0.8969, acc: 0.6425
> val_acc: 0.8789, val_recall: 0.3329, val_f1: 0.3119
>>>>>>>>>>>>>>>>>>>>>>>>>>>>>>>>>>>>>>>>>>>>>>>>>>>>>>>>>>>>>>>>>>>>>>>>>>>>>>>>>>>>>>>>>>>>>>>>>>>>
epoch: 13
loss: 0.8505, acc: 0.7000
loss: 0.9345, acc: 0.6167
loss: 0.9020, acc: 0.6350
loss: 0.9093, acc: 0.6304
loss: 0.8964, acc: 0.6431
loss: 0.9052, acc: 0.6341
loss: 0.9112, acc: 0.6269
loss: 0.9050, acc: 0.6308
loss: 0.9008, acc: 0.6360
loss: 0.9000, acc: 0.6388
loss: 0.8966, acc: 0.6416
> val_acc: 0.8789, val_recall: 0.3329, val_f1: 0.3119
>>>>>>>>>>>>>>>>>>>>>>>>>>>>>>>>>>>>>>>>>>>>>>>>>>>>>>>>>>>>>>>>>>>>>>>>>>>>>>>>>>>>>>>>>>>>>>>>>>>>
epoch: 14
loss: 0.8713, acc: 0.6625
loss: 0.8862, acc: 0.6469
loss: 0.8894, acc: 0.6438
loss: 0.8776, acc: 0.6531
loss: 0.8967, acc: 0.6375
loss: 0.8980, acc: 0.6365
loss: 0.8962, acc: 0.6375
loss: 0.8986, acc: 0.6359
loss: 0.8939, acc: 0.6424
loss: 0.8927, acc: 0.6425
> val_acc: 0.8800, val_recall: 0.3333, val_f1: 0.3121
>> saved: state_dict/lstm_dutch_val_acc_0.88
>>>>>>>>>>>>>>>>>>>>>>>>>>>>>>>>>>>>>>>>>>>>>>>>>>>>>>>>>>>>>>>>>>>>>>>>>>>>>>>>>>>>>>>>>>>>>>>>>>>>
epoch: 15
loss: 0.8027, acc: 0.6875
loss: 0.8560, acc: 0.6667
loss: 0.8613, acc: 0.6575
loss: 0.8578, acc: 0.6607
loss: 0.8778, acc: 0.6486
loss: 0.8831, acc: 0.6443
loss: 0.8742, acc: 0.6548
loss: 0.8717, acc: 0.6575
loss: 0.8836, acc: 0.6493
loss: 0.8893, acc: 0.6414
loss: 0.8908, acc: 0.6416
> val_acc: 0.8800, val_recall: 0.3333, val_f1: 0.3121
>>>>>>>>>>>>>>>>>>>>>>>>>>>>>>>>>>>>>>>>>>>>>>>>>>>>>>>>>>>>>>>>>>>>>>>>>>>>>>>>>>>>>>>>>>>>>>>>>>>>
epoch: 16
loss: 0.8402, acc: 0.7125
loss: 0.8910, acc: 0.6562
loss: 0.8953, acc: 0.6500
loss: 0.8964, acc: 0.6438
loss: 0.8914, acc: 0.6450
loss: 0.8997, acc: 0.6396
loss: 0.9005, acc: 0.6339
loss: 0.8958, acc: 0.6352
loss: 0.8913, acc: 0.6396
loss: 0.8872, acc: 0.6431
> val_acc: 0.8800, val_recall: 0.3333, val_f1: 0.3121
>>>>>>>>>>>>>>>>>>>>>>>>>>>>>>>>>>>>>>>>>>>>>>>>>>>>>>>>>>>>>>>>>>>>>>>>>>>>>>>>>>>>>>>>>>>>>>>>>>>>
epoch: 17
loss: 0.8654, acc: 0.6500
loss: 0.8801, acc: 0.6458
loss: 0.8512, acc: 0.6600
loss: 0.8586, acc: 0.6571
loss: 0.8563, acc: 0.6597
loss: 0.8681, acc: 0.6545
loss: 0.8769, acc: 0.6442
loss: 0.8843, acc: 0.6400
loss: 0.8807, acc: 0.6471
loss: 0.8870, acc: 0.6395
loss: 0.8841, acc: 0.6416
> val_acc: 0.8800, val_recall: 0.3333, val_f1: 0.3121
>>>>>>>>>>>>>>>>>>>>>>>>>>>>>>>>>>>>>>>>>>>>>>>>>>>>>>>>>>>>>>>>>>>>>>>>>>>>>>>>>>>>>>>>>>>>>>>>>>>>
epoch: 18
loss: 0.8946, acc: 0.6375
loss: 0.8925, acc: 0.6375
loss: 0.8799, acc: 0.6438
loss: 0.8799, acc: 0.6406
loss: 0.8786, acc: 0.6438
loss: 0.8849, acc: 0.6365
loss: 0.8753, acc: 0.6429
loss: 0.8796, acc: 0.6406
loss: 0.8777, acc: 0.6403
loss: 0.8751, acc: 0.6431
> val_acc: 0.8800, val_recall: 0.3333, val_f1: 0.3121
>>>>>>>>>>>>>>>>>>>>>>>>>>>>>>>>>>>>>>>>>>>>>>>>>>>>>>>>>>>>>>>>>>>>>>>>>>>>>>>>>>>>>>>>>>>>>>>>>>>>
epoch: 19
loss: 0.8325, acc: 0.6500
loss: 0.8384, acc: 0.6750
loss: 0.8426, acc: 0.6725
loss: 0.8713, acc: 0.6482
loss: 0.8777, acc: 0.6403
loss: 0.8824, acc: 0.6352
loss: 0.8755, acc: 0.6413
loss: 0.8648, acc: 0.6500
loss: 0.8720, acc: 0.6434
loss: 0.8736, acc: 0.6434
loss: 0.8748, acc: 0.6416
> val_acc: 0.8800, val_recall: 0.3333, val_f1: 0.3121
>>>>>>>>>>>>>>>>>>>>>>>>>>>>>>>>>>>>>>>>>>>>>>>>>>>>>>>>>>>>>>>>>>>>>>>>>>>>>>>>>>>>>>>>>>>>>>>>>>>>
epoch: 20
loss: 0.9326, acc: 0.6062
loss: 0.8798, acc: 0.6438
loss: 0.8695, acc: 0.6396
loss: 0.8792, acc: 0.6344
loss: 0.8703, acc: 0.6362
loss: 0.8535, acc: 0.6531
loss: 0.8602, acc: 0.6482
loss: 0.8661, acc: 0.6461
loss: 0.8622, acc: 0.6451
loss: 0.8705, acc: 0.6388
> val_acc: 0.8800, val_recall: 0.3333, val_f1: 0.3121
>>>>>>>>>>>>>>>>>>>>>>>>>>>>>>>>>>>>>>>>>>>>>>>>>>>>>>>>>>>>>>>>>>>>>>>>>>>>>>>>>>>>>>>>>>>>>>>>>>>>
epoch: 21
loss: 0.8622, acc: 0.6250
loss: 0.8748, acc: 0.6542
loss: 0.8597, acc: 0.6525
loss: 0.8402, acc: 0.6571
loss: 0.8524, acc: 0.6486
loss: 0.8578, acc: 0.6489
loss: 0.8546, acc: 0.6519
loss: 0.8565, acc: 0.6517
loss: 0.8605, acc: 0.6463
loss: 0.8648, acc: 0.6408
loss: 0.8612, acc: 0.6416
> val_acc: 0.8767, val_recall: 0.3412, val_f1: 0.3300
>>>>>>>>>>>>>>>>>>>>>>>>>>>>>>>>>>>>>>>>>>>>>>>>>>>>>>>>>>>>>>>>>>>>>>>>>>>>>>>>>>>>>>>>>>>>>>>>>>>>
epoch: 22
loss: 0.8819, acc: 0.6687
loss: 0.8623, acc: 0.6594
loss: 0.8649, acc: 0.6604
loss: 0.8480, acc: 0.6687
loss: 0.8539, acc: 0.6562
loss: 0.8447, acc: 0.6615
loss: 0.8508, acc: 0.6545
loss: 0.8460, acc: 0.6539
loss: 0.8432, acc: 0.6535
loss: 0.8551, acc: 0.6419
> val_acc: 0.8520, val_recall: 0.3500, val_f1: 0.3454
>>>>>>>>>>>>>>>>>>>>>>>>>>>>>>>>>>>>>>>>>>>>>>>>>>>>>>>>>>>>>>>>>>>>>>>>>>>>>>>>>>>>>>>>>>>>>>>>>>>>
epoch: 23
loss: 0.8842, acc: 0.6250
loss: 0.8143, acc: 0.6625
loss: 0.8388, acc: 0.6400
loss: 0.8372, acc: 0.6411
loss: 0.8266, acc: 0.6514
loss: 0.8361, acc: 0.6409
loss: 0.8421, acc: 0.6413
loss: 0.8511, acc: 0.6342
loss: 0.8452, acc: 0.6390
loss: 0.8500, acc: 0.6375
loss: 0.8478, acc: 0.6380
> val_acc: 0.8475, val_recall: 0.3483, val_f1: 0.3442
>>>>>>>>>>>>>>>>>>>>>>>>>>>>>>>>>>>>>>>>>>>>>>>>>>>>>>>>>>>>>>>>>>>>>>>>>>>>>>>>>>>>>>>>>>>>>>>>>>>>
epoch: 24
loss: 0.8895, acc: 0.6000
loss: 0.8580, acc: 0.6312
loss: 0.8490, acc: 0.6312
loss: 0.8430, acc: 0.6359
loss: 0.8493, acc: 0.6388
loss: 0.8591, acc: 0.6271
loss: 0.8476, acc: 0.6339
loss: 0.8468, acc: 0.6352
loss: 0.8485, acc: 0.6361
loss: 0.8444, acc: 0.6388
> val_acc: 0.8554, val_recall: 0.3467, val_f1: 0.3420
>>>>>>>>>>>>>>>>>>>>>>>>>>>>>>>>>>>>>>>>>>>>>>>>>>>>>>>>>>>>>>>>>>>>>>>>>>>>>>>>>>>>>>>>>>>>>>>>>>>>
epoch: 25
loss: 0.9185, acc: 0.5250
loss: 0.8614, acc: 0.6000
loss: 0.8570, acc: 0.6150
loss: 0.8464, acc: 0.6214
loss: 0.8439, acc: 0.6264
loss: 0.8428, acc: 0.6227
loss: 0.8512, acc: 0.6212
loss: 0.8555, acc: 0.6192
loss: 0.8514, acc: 0.6272
loss: 0.8503, acc: 0.6289
loss: 0.8409, acc: 0.6339
> val_acc: 0.8442, val_recall: 0.3504, val_f1: 0.3502
>>>>>>>>>>>>>>>>>>>>>>>>>>>>>>>>>>>>>>>>>>>>>>>>>>>>>>>>>>>>>>>>>>>>>>>>>>>>>>>>>>>>>>>>>>>>>>>>>>>>
epoch: 26
loss: 0.8196, acc: 0.6312
loss: 0.8042, acc: 0.6594
loss: 0.8053, acc: 0.6646
loss: 0.8148, acc: 0.6641
loss: 0.8284, acc: 0.6525
loss: 0.8229, acc: 0.6542
loss: 0.8392, acc: 0.6473
loss: 0.8469, acc: 0.6359
loss: 0.8422, acc: 0.6375
loss: 0.8389, acc: 0.6400
> val_acc: 0.8229, val_recall: 0.3855, val_f1: 0.3901
>>>>>>>>>>>>>>>>>>>>>>>>>>>>>>>>>>>>>>>>>>>>>>>>>>>>>>>>>>>>>>>>>>>>>>>>>>>>>>>>>>>>>>>>>>>>>>>>>>>>
epoch: 27
loss: 0.8544, acc: 0.6250
loss: 0.8698, acc: 0.6042
loss: 0.8382, acc: 0.6300
loss: 0.8314, acc: 0.6357
loss: 0.8352, acc: 0.6306
loss: 0.8396, acc: 0.6295
loss: 0.8323, acc: 0.6337
loss: 0.8340, acc: 0.6292
loss: 0.8329, acc: 0.6324
loss: 0.8296, acc: 0.6355
loss: 0.8366, acc: 0.6321
> val_acc: 0.8509, val_recall: 0.3688, val_f1: 0.3788
>>>>>>>>>>>>>>>>>>>>>>>>>>>>>>>>>>>>>>>>>>>>>>>>>>>>>>>>>>>>>>>>>>>>>>>>>>>>>>>>>>>>>>>>>>>>>>>>>>>>
epoch: 28
loss: 0.8391, acc: 0.6250
loss: 0.7926, acc: 0.6625
loss: 0.8063, acc: 0.6542
loss: 0.8117, acc: 0.6578
loss: 0.8194, acc: 0.6538
loss: 0.8283, acc: 0.6438
loss: 0.8323, acc: 0.6357
loss: 0.8323, acc: 0.6359
loss: 0.8304, acc: 0.6361
loss: 0.8347, acc: 0.6331
> val_acc: 0.8352, val_recall: 0.3719, val_f1: 0.3791
>>>>>>>>>>>>>>>>>>>>>>>>>>>>>>>>>>>>>>>>>>>>>>>>>>>>>>>>>>>>>>>>>>>>>>>>>>>>>>>>>>>>>>>>>>>>>>>>>>>>
epoch: 29
loss: 0.8053, acc: 0.6625
loss: 0.8724, acc: 0.5958
loss: 0.8818, acc: 0.5875
loss: 0.8715, acc: 0.5982
loss: 0.8651, acc: 0.6069
loss: 0.8566, acc: 0.6193
loss: 0.8515, acc: 0.6202
loss: 0.8402, acc: 0.6283
loss: 0.8407, acc: 0.6257
loss: 0.8422, acc: 0.6263
loss: 0.8343, acc: 0.6315
> val_acc: 0.8487, val_recall: 0.3634, val_f1: 0.3711
>>>>>>>>>>>>>>>>>>>>>>>>>>>>>>>>>>>>>>>>>>>>>>>>>>>>>>>>>>>>>>>>>>>>>>>>>>>>>>>>>>>>>>>>>>>>>>>>>>>>
epoch: 30
loss: 0.8338, acc: 0.6188
loss: 0.7860, acc: 0.6687
loss: 0.8030, acc: 0.6562
loss: 0.8260, acc: 0.6453
loss: 0.8282, acc: 0.6475
loss: 0.8263, acc: 0.6479
loss: 0.8285, acc: 0.6455
loss: 0.8249, acc: 0.6461
loss: 0.8270, acc: 0.6403
loss: 0.8339, acc: 0.6356
> val_acc: 0.8150, val_recall: 0.3825, val_f1: 0.3857
>>>>>>>>>>>>>>>>>>>>>>>>>>>>>>>>>>>>>>>>>>>>>>>>>>>>>>>>>>>>>>>>>>>>>>>>>>>>>>>>>>>>>>>>>>>>>>>>>>>>
epoch: 31
loss: 0.7717, acc: 0.7125
loss: 0.8204, acc: 0.6500
loss: 0.8450, acc: 0.6150
loss: 0.8472, acc: 0.6214
loss: 0.8647, acc: 0.6083
loss: 0.8381, acc: 0.6307
loss: 0.8426, acc: 0.6260
loss: 0.8461, acc: 0.6258
loss: 0.8424, acc: 0.6250
loss: 0.8374, acc: 0.6283
loss: 0.8320, acc: 0.6333
> val_acc: 0.8487, val_recall: 0.3588, val_f1: 0.3632
>>>>>>>>>>>>>>>>>>>>>>>>>>>>>>>>>>>>>>>>>>>>>>>>>>>>>>>>>>>>>>>>>>>>>>>>>>>>>>>>>>>>>>>>>>>>>>>>>>>>
epoch: 32
loss: 0.7750, acc: 0.6750
loss: 0.7905, acc: 0.6594
loss: 0.7753, acc: 0.6771
loss: 0.7944, acc: 0.6703
loss: 0.7884, acc: 0.6737
loss: 0.8175, acc: 0.6490
loss: 0.8181, acc: 0.6491
loss: 0.8259, acc: 0.6461
loss: 0.8319, acc: 0.6424
loss: 0.8306, acc: 0.6400
> val_acc: 0.8240, val_recall: 0.3880, val_f1: 0.3937
>>>>>>>>>>>>>>>>>>>>>>>>>>>>>>>>>>>>>>>>>>>>>>>>>>>>>>>>>>>>>>>>>>>>>>>>>>>>>>>>>>>>>>>>>>>>>>>>>>>>
epoch: 33
loss: 0.8232, acc: 0.6250
loss: 0.8362, acc: 0.6292
loss: 0.8312, acc: 0.6300
loss: 0.8452, acc: 0.6214
loss: 0.8564, acc: 0.6111
loss: 0.8430, acc: 0.6261
loss: 0.8484, acc: 0.6231
loss: 0.8434, acc: 0.6275
loss: 0.8378, acc: 0.6324
loss: 0.8334, acc: 0.6336
loss: 0.8302, acc: 0.6351
> val_acc: 0.8475, val_recall: 0.3629, val_f1: 0.3688
>>>>>>>>>>>>>>>>>>>>>>>>>>>>>>>>>>>>>>>>>>>>>>>>>>>>>>>>>>>>>>>>>>>>>>>>>>>>>>>>>>>>>>>>>>>>>>>>>>>>
epoch: 34
loss: 0.8416, acc: 0.6562
loss: 0.8247, acc: 0.6625
loss: 0.8217, acc: 0.6583
loss: 0.8142, acc: 0.6609
loss: 0.8218, acc: 0.6525
loss: 0.8311, acc: 0.6469
loss: 0.8269, acc: 0.6473
loss: 0.8180, acc: 0.6508
loss: 0.8188, acc: 0.6486
loss: 0.8254, acc: 0.6438
> val_acc: 0.8318, val_recall: 0.3695, val_f1: 0.3755
>>>>>>>>>>>>>>>>>>>>>>>>>>>>>>>>>>>>>>>>>>>>>>>>>>>>>>>>>>>>>>>>>>>>>>>>>>>>>>>>>>>>>>>>>>>>>>>>>>>>
epoch: 35
loss: 0.7434, acc: 0.7250
loss: 0.8461, acc: 0.6417
loss: 0.8662, acc: 0.6075
loss: 0.8319, acc: 0.6375
loss: 0.8175, acc: 0.6458
loss: 0.8073, acc: 0.6523
loss: 0.8213, acc: 0.6394
loss: 0.8269, acc: 0.6375
loss: 0.8181, acc: 0.6441
loss: 0.8238, acc: 0.6408
loss: 0.8299, acc: 0.6369
> val_acc: 0.8285, val_recall: 0.3715, val_f1: 0.3762
>>>>>>>>>>>>>>>>>>>>>>>>>>>>>>>>>>>>>>>>>>>>>>>>>>>>>>>>>>>>>>>>>>>>>>>>>>>>>>>>>>>>>>>>>>>>>>>>>>>>
epoch: 36
loss: 0.8519, acc: 0.6375
loss: 0.8377, acc: 0.6406
loss: 0.8245, acc: 0.6417
loss: 0.8045, acc: 0.6516
loss: 0.8150, acc: 0.6462
loss: 0.8085, acc: 0.6521
loss: 0.8136, acc: 0.6464
loss: 0.8209, acc: 0.6461
loss: 0.8223, acc: 0.6465
loss: 0.8254, acc: 0.6431
> val_acc: 0.8330, val_recall: 0.3732, val_f1: 0.3784
>>>>>>>>>>>>>>>>>>>>>>>>>>>>>>>>>>>>>>>>>>>>>>>>>>>>>>>>>>>>>>>>>>>>>>>>>>>>>>>>>>>>>>>>>>>>>>>>>>>>
epoch: 37
loss: 0.9554, acc: 0.5750
loss: 0.8647, acc: 0.6125
loss: 0.8015, acc: 0.6575
loss: 0.8298, acc: 0.6393
loss: 0.8387, acc: 0.6347
loss: 0.8317, acc: 0.6364
loss: 0.8316, acc: 0.6385
loss: 0.8311, acc: 0.6367
loss: 0.8315, acc: 0.6360
loss: 0.8322, acc: 0.6329
loss: 0.8285, acc: 0.6345
> val_acc: 0.8408, val_recall: 0.3638, val_f1: 0.3679
>>>>>>>>>>>>>>>>>>>>>>>>>>>>>>>>>>>>>>>>>>>>>>>>>>>>>>>>>>>>>>>>>>>>>>>>>>>>>>>>>>>>>>>>>>>>>>>>>>>>
epoch: 38
loss: 0.8982, acc: 0.5813
loss: 0.8736, acc: 0.6031
loss: 0.8635, acc: 0.6021
loss: 0.8604, acc: 0.6109
loss: 0.8690, acc: 0.6062
loss: 0.8718, acc: 0.6010
loss: 0.8540, acc: 0.6170
loss: 0.8468, acc: 0.6188
loss: 0.8306, acc: 0.6326
loss: 0.8286, acc: 0.6375
> val_acc: 0.8565, val_recall: 0.3663, val_f1: 0.3735
>>>>>>>>>>>>>>>>>>>>>>>>>>>>>>>>>>>>>>>>>>>>>>>>>>>>>>>>>>>>>>>>>>>>>>>>>>>>>>>>>>>>>>>>>>>>>>>>>>>>
epoch: 39
loss: 0.7677, acc: 0.7125
loss: 0.8377, acc: 0.6292
loss: 0.7985, acc: 0.6525
loss: 0.8219, acc: 0.6411
loss: 0.8196, acc: 0.6375
loss: 0.8187, acc: 0.6375
loss: 0.8198, acc: 0.6375
loss: 0.8101, acc: 0.6417
loss: 0.8082, acc: 0.6441
loss: 0.8208, acc: 0.6395
loss: 0.8282, acc: 0.6363
> val_acc: 0.8352, val_recall: 0.3786, val_f1: 0.3853
>>>>>>>>>>>>>>>>>>>>>>>>>>>>>>>>>>>>>>>>>>>>>>>>>>>>>>>>>>>>>>>>>>>>>>>>>>>>>>>>>>>>>>>>>>>>>>>>>>>>
epoch: 40
loss: 0.8284, acc: 0.6438
loss: 0.8411, acc: 0.6500
loss: 0.8463, acc: 0.6375
loss: 0.8428, acc: 0.6328
loss: 0.8293, acc: 0.6412
loss: 0.8223, acc: 0.6427
loss: 0.8347, acc: 0.6321
loss: 0.8309, acc: 0.6344
loss: 0.8299, acc: 0.6354
loss: 0.8293, acc: 0.6350
> val_acc: 0.8408, val_recall: 0.3558, val_f1: 0.3588
>>>>>>>>>>>>>>>>>>>>>>>>>>>>>>>>>>>>>>>>>>>>>>>>>>>>>>>>>>>>>>>>>>>>>>>>>>>>>>>>>>>>>>>>>>>>>>>>>>>>
epoch: 41
loss: 0.8964, acc: 0.6250
loss: 0.8754, acc: 0.6208
loss: 0.8360, acc: 0.6400
loss: 0.8268, acc: 0.6446
loss: 0.8351, acc: 0.6306
loss: 0.8333, acc: 0.6352
loss: 0.8322, acc: 0.6385
loss: 0.8317, acc: 0.6350
loss: 0.8323, acc: 0.6331
loss: 0.8283, acc: 0.6375
loss: 0.8259, acc: 0.6363
> val_acc: 0.8498, val_recall: 0.3672, val_f1: 0.3722
>>>>>>>>>>>>>>>>>>>>>>>>>>>>>>>>>>>>>>>>>>>>>>>>>>>>>>>>>>>>>>>>>>>>>>>>>>>>>>>>>>>>>>>>>>>>>>>>>>>>
epoch: 42
loss: 0.7442, acc: 0.7000
loss: 0.7927, acc: 0.6656
loss: 0.8099, acc: 0.6458
loss: 0.8022, acc: 0.6531
loss: 0.8053, acc: 0.6512
loss: 0.8144, acc: 0.6406
loss: 0.8297, acc: 0.6366
loss: 0.8213, acc: 0.6438
loss: 0.8206, acc: 0.6424
loss: 0.8241, acc: 0.6381
> val_acc: 0.8363, val_recall: 0.3700, val_f1: 0.3735
>>>>>>>>>>>>>>>>>>>>>>>>>>>>>>>>>>>>>>>>>>>>>>>>>>>>>>>>>>>>>>>>>>>>>>>>>>>>>>>>>>>>>>>>>>>>>>>>>>>>
epoch: 43
loss: 0.8371, acc: 0.6375
loss: 0.8528, acc: 0.6125
loss: 0.8575, acc: 0.6100
loss: 0.8274, acc: 0.6375
loss: 0.8340, acc: 0.6375
loss: 0.8362, acc: 0.6318
loss: 0.8427, acc: 0.6298
loss: 0.8344, acc: 0.6375
loss: 0.8306, acc: 0.6346
loss: 0.8305, acc: 0.6336
loss: 0.8262, acc: 0.6363
> val_acc: 0.8386, val_recall: 0.3675, val_f1: 0.3728
>>>>>>>>>>>>>>>>>>>>>>>>>>>>>>>>>>>>>>>>>>>>>>>>>>>>>>>>>>>>>>>>>>>>>>>>>>>>>>>>>>>>>>>>>>>>>>>>>>>>
epoch: 44
loss: 0.8094, acc: 0.6188
loss: 0.8096, acc: 0.6344
loss: 0.7848, acc: 0.6604
loss: 0.7962, acc: 0.6531
loss: 0.8139, acc: 0.6425
loss: 0.8264, acc: 0.6333
loss: 0.8198, acc: 0.6420
loss: 0.8113, acc: 0.6461
loss: 0.8126, acc: 0.6438
loss: 0.8190, acc: 0.6412
> val_acc: 0.8386, val_recall: 0.3708, val_f1: 0.3748
>>>>>>>>>>>>>>>>>>>>>>>>>>>>>>>>>>>>>>>>>>>>>>>>>>>>>>>>>>>>>>>>>>>>>>>>>>>>>>>>>>>>>>>>>>>>>>>>>>>>
epoch: 45
loss: 0.6995, acc: 0.7000
loss: 0.7546, acc: 0.6750
loss: 0.8005, acc: 0.6450
loss: 0.8089, acc: 0.6393
loss: 0.8029, acc: 0.6431
loss: 0.8143, acc: 0.6352
loss: 0.8127, acc: 0.6356
loss: 0.8100, acc: 0.6383
loss: 0.8035, acc: 0.6434
loss: 0.8137, acc: 0.6395
loss: 0.8256, acc: 0.6339
> val_acc: 0.8475, val_recall: 0.3855, val_f1: 0.3874
>>>>>>>>>>>>>>>>>>>>>>>>>>>>>>>>>>>>>>>>>>>>>>>>>>>>>>>>>>>>>>>>>>>>>>>>>>>>>>>>>>>>>>>>>>>>>>>>>>>>
epoch: 46
loss: 0.8127, acc: 0.6250
loss: 0.8351, acc: 0.6188
loss: 0.8241, acc: 0.6417
loss: 0.8142, acc: 0.6453
loss: 0.8264, acc: 0.6375
loss: 0.8287, acc: 0.6365
loss: 0.8312, acc: 0.6339
loss: 0.8303, acc: 0.6344
loss: 0.8289, acc: 0.6347
loss: 0.8249, acc: 0.6356
> val_acc: 0.8487, val_recall: 0.3701, val_f1: 0.3732
>>>>>>>>>>>>>>>>>>>>>>>>>>>>>>>>>>>>>>>>>>>>>>>>>>>>>>>>>>>>>>>>>>>>>>>>>>>>>>>>>>>>>>>>>>>>>>>>>>>>
epoch: 47
loss: 0.8858, acc: 0.6000
loss: 0.8360, acc: 0.6417
loss: 0.8243, acc: 0.6500
loss: 0.8129, acc: 0.6554
loss: 0.8270, acc: 0.6431
loss: 0.8353, acc: 0.6386
loss: 0.8371, acc: 0.6327
loss: 0.8370, acc: 0.6317
loss: 0.8311, acc: 0.6382
loss: 0.8231, acc: 0.6395
loss: 0.8245, acc: 0.6386
> val_acc: 0.8430, val_recall: 0.3883, val_f1: 0.3939
>>>>>>>>>>>>>>>>>>>>>>>>>>>>>>>>>>>>>>>>>>>>>>>>>>>>>>>>>>>>>>>>>>>>>>>>>>>>>>>>>>>>>>>>>>>>>>>>>>>>
epoch: 48
loss: 0.8698, acc: 0.5813
loss: 0.8248, acc: 0.6250
loss: 0.8483, acc: 0.6062
loss: 0.8397, acc: 0.6062
loss: 0.8217, acc: 0.6200
loss: 0.8154, acc: 0.6302
loss: 0.8162, acc: 0.6339
loss: 0.8108, acc: 0.6398
loss: 0.8167, acc: 0.6375
loss: 0.8215, acc: 0.6375
> val_acc: 0.8430, val_recall: 0.3838, val_f1: 0.3876
>>>>>>>>>>>>>>>>>>>>>>>>>>>>>>>>>>>>>>>>>>>>>>>>>>>>>>>>>>>>>>>>>>>>>>>>>>>>>>>>>>>>>>>>>>>>>>>>>>>>
epoch: 49
loss: 0.8241, acc: 0.6750
loss: 0.7842, acc: 0.6792
loss: 0.8069, acc: 0.6525
loss: 0.8238, acc: 0.6429
loss: 0.8128, acc: 0.6458
loss: 0.8164, acc: 0.6500
loss: 0.8198, acc: 0.6481
loss: 0.8246, acc: 0.6442
loss: 0.8372, acc: 0.6331
loss: 0.8330, acc: 0.6322
loss: 0.8239, acc: 0.6398
> val_acc: 0.8419, val_recall: 0.3754, val_f1: 0.3787
>> test_acc: 0.8800, test_recall: 0.3333, test_f1: 0.3121
